<?xml version="1.0" encoding="UTF-8"?>
<testng-results ignored="0" total="1" passed="1" failed="0" skipped="0">
  <reporter-output>
  </reporter-output>
  <suite started-at="2023-10-12T11:36:45 IST" name="Default suite" finished-at="2023-10-12T11:36:45 IST" duration-ms="110">
    <groups>
    </groups>
    <test started-at="2023-10-12T11:36:45 IST" name="Default test" finished-at="2023-10-12T11:36:45 IST" duration-ms="110">
      <class name="com.TestNg.TDD.TestUserName">
        <test-method signature="UsernameTest()[pri:0, instance:com.TestNg.TDD.TestUserName@4b8ee4de]" started-at="2023-10-12T11:36:45 IST" name="UsernameTest" finished-at="2023-10-12T11:36:45 IST" duration-ms="34" status="PASS">
          <reporter-output>
          </reporter-output>
        </test-method> <!-- UsernameTest -->
      </class> <!-- com.TestNg.TDD.TestUserName -->
    </test> <!-- Default test -->
  </suite> <!-- Default suite -->
</testng-results>
