<?xml version="1.0" encoding="UTF-8"?>
<testng-results ignored="0" total="1" passed="1" failed="0" skipped="0">
  <reporter-output>
  </reporter-output>
  <suite started-at="2023-11-08T13:17:35 IST" name="Default suite" finished-at="2023-11-08T13:17:41 IST" duration-ms="6036">
    <groups>
    </groups>
    <test started-at="2023-11-08T13:17:35 IST" name="Default test" finished-at="2023-11-08T13:17:41 IST" duration-ms="6036">
      <class name="RESTAssured.PayloadXML">
        <test-method signature="payloadXML()[pri:0, instance:RESTAssured.PayloadXML@485966cc]" started-at="2023-11-08T13:17:35 IST" name="payloadXML" finished-at="2023-11-08T13:17:41 IST" duration-ms="5973" status="PASS">
          <reporter-output>
          </reporter-output>
        </test-method> <!-- payloadXML -->
      </class> <!-- RESTAssured.PayloadXML -->
    </test> <!-- Default test -->
  </suite> <!-- Default suite -->
</testng-results>
