<?xml version="1.0" encoding="UTF-8"?>
<testng-results ignored="0" total="1" passed="1" failed="0" skipped="0">
  <reporter-output>
  </reporter-output>
  <suite started-at="2023-11-10T11:11:03 IST" name="Default suite" finished-at="2023-11-10T11:11:03 IST" duration-ms="158">
    <groups>
    </groups>
    <test started-at="2023-11-10T11:11:03 IST" name="Default test" finished-at="2023-11-10T11:11:03 IST" duration-ms="158">
      <class name="RESTAssured.Log4jTest">
        <test-method signature="method1()[pri:0, instance:RESTAssured.Log4jTest@1c98290c]" started-at="2023-11-10T11:11:03 IST" name="method1" finished-at="2023-11-10T11:11:03 IST" duration-ms="61" status="PASS">
          <reporter-output>
          </reporter-output>
        </test-method> <!-- method1 -->
      </class> <!-- RESTAssured.Log4jTest -->
    </test> <!-- Default test -->
  </suite> <!-- Default suite -->
</testng-results>
