<?xml version="1.0" encoding="UTF-8"?>
<!-- Generated by org.testng.reporters.JUnitXMLReporter -->
<testsuite ignored="3" hostname="Karthick" failures="1" tests="2" name="Test" time="7.196" errors="0" timestamp="2023-10-10T14:30:25 IST">
  <testcase classname="com.testng.selenium.test.HomeTest" name="testTitle" time="0.031"/>
  <testcase classname="com.testng.selenium.test.RegisterTest" name="testregisterUser" time="0.0">
    <failure type="java.lang.RuntimeException" message="java.lang.NullPointerException: Cannot invoke &amp;quot;Object.toString()&amp;quot; because the return value of &amp;quot;org.apache.poi.ss.usermodel.Row.getCell(int)&amp;quot; is null">
      <![CDATA[java.lang.RuntimeException: java.lang.NullPointerException: Cannot invoke "Object.toString()" because the return value of "org.apache.poi.ss.usermodel.Row.getCell(int)" is null
at java.base/java.util.ArrayList.forEach(ArrayList.java:1511)
Caused by: java.lang.NullPointerException: Cannot invoke "Object.toString()" because the return value of "org.apache.poi.ss.usermodel.Row.getCell(int)" is null
at com.testng.selenium.utilities.XlsDataProvider.getTestData(XlsDataProvider.java:25)
at com.testng.selenium.test.RegisterTest.datasupplier(RegisterTest.java:43)
... 25 more
... Removed 30 stack frames]]>
    </failure>
  </testcase> <!-- testregisterUser -->
  <testcase classname="com.testng.selenium.base.TestBase" name="@BeforeSuite InitalizeExtentReport" time="0.0">
    <ignored/>
  </testcase> <!-- @BeforeSuite InitalizeExtentReport -->
  <testcase classname="com.testng.selenium.base.TestBase" name="@BeforeTest getnameMethod" time="0.0">
    <ignored/>
  </testcase> <!-- @BeforeTest getnameMethod -->
  <testcase classname="com.testng.selenium.base.TestBase" name="@AfterSuite generateReports" time="0.0">
    <ignored/>
  </testcase> <!-- @AfterSuite generateReports -->
</testsuite> <!-- Test -->
