<?xml version="1.0" encoding="UTF-8"?>
<!-- Generated by org.testng.reporters.JUnitXMLReporter -->
<testsuite ignored="0" hostname="Karthick" failures="1" tests="2" name="Test" time="8.817" errors="0" timestamp="2023-10-11T14:08:39 IST">
  <testcase classname="com.testng.selenium.test.HomeTest" name="Search" time="0.0">
    <failure type="java.lang.RuntimeException" message="java.lang.NullPointerException: Cannot invoke &amp;quot;Object.toString()&amp;quot; because the return value of &amp;quot;org.apache.poi.ss.usermodel.Row.getCell(int)&amp;quot; is null">
      <![CDATA[java.lang.RuntimeException: java.lang.NullPointerException: Cannot invoke "Object.toString()" because the return value of "org.apache.poi.ss.usermodel.Row.getCell(int)" is null
at java.base/java.util.ArrayList.forEach(ArrayList.java:1511)
Caused by: java.lang.NullPointerException: Cannot invoke "Object.toString()" because the return value of "org.apache.poi.ss.usermodel.Row.getCell(int)" is null
at com.testng.selenium.utilities.XlsDataProvider.getTestData(XlsDataProvider.java:25)
at com.testng.selenium.test.HomeTest.datasupplier(HomeTest.java:35)
... 25 more
... Removed 30 stack frames]]>
    </failure>
  </testcase> <!-- Search -->
  <testcase classname="com.testng.selenium.test.HomeTest" name="testTitle" time="0.003"/>
</testsuite> <!-- Test -->
