<?xml version="1.0" encoding="UTF-8"?>
<!-- Generated by org.testng.reporters.JUnitXMLReporter -->
<testsuite ignored="0" hostname="Karthick" failures="1" tests="4" name="Test" time="12.345" errors="0" timestamp="2023-10-23T13:12:02 IST">
  <testcase classname="in.starhealth.TestNg.StartHealthPage" name="Validate_title" time="0.034"/>
  <testcase classname="in.starhealth.TestNg.StartHealthPage" name="Test_Header_plan" time="0.02"/>
  <testcase classname="in.starhealth.TestNg.StartHealthPage" name="validatedatafromExcel" time="0.0">
    <failure type="org.testng.TestNGException" message="
Method validatedatafromExcel requires 4 parameters but 3 were supplied in the @Test annotation.">
      <![CDATA[org.testng.TestNGException: 
Method validatedatafromExcel requires 4 parameters but 3 were supplied in the @Test annotation.
at java.base/java.util.ArrayList.forEach(ArrayList.java:1511)
... Removed 26 stack frames]]>
    </failure>
  </testcase> <!-- validatedatafromExcel -->
  <testcase classname="in.starhealth.TestNg.StartHealthPage" name="Clickontwitter" time="0.001"/>
</testsuite> <!-- Test -->
