<?xml version="1.0" encoding="UTF-8"?>
<testng-results ignored="0" total="2" passed="2" failed="0" skipped="0">
  <reporter-output>
  </reporter-output>
  <suite started-at="2023-10-11T14:30:30 IST" name="Default suite" finished-at="2023-10-11T14:30:40 IST" duration-ms="10078">
    <groups>
    </groups>
    <test started-at="2023-10-11T14:30:30 IST" name="Default test" finished-at="2023-10-11T14:30:40 IST" duration-ms="10078">
      <class name="com.testng.selenium.test.HomeTest">
        <test-method is-config="true" signature="InitalizeExtentReport()[pri:0, instance:com.testng.selenium.test.HomeTest@6d60fe40]" started-at="2023-10-11T14:30:30 IST" name="InitalizeExtentReport" finished-at="2023-10-11T14:30:30 IST" duration-ms="411" status="PASS">
          <reporter-output>
          </reporter-output>
        </test-method> <!-- InitalizeExtentReport -->
        <test-method is-config="true" signature="getnameMethod(org.testng.ITestContext)[pri:0, instance:com.testng.selenium.test.HomeTest@6d60fe40]" started-at="2023-10-11T14:30:30 IST" name="getnameMethod" finished-at="2023-10-11T14:30:30 IST" duration-ms="13" status="PASS">
          <params>
            <param index="0">
              <value>
                <![CDATA[org.testng.TestRunner@751ae8a4]]>
              </value>
            </param>
          </params>
          <reporter-output>
          </reporter-output>
        </test-method> <!-- getnameMethod -->
        <test-method is-config="true" signature="OpenApp()[pri:0, instance:com.testng.selenium.test.HomeTest@6d60fe40]" started-at="2023-10-11T14:30:30 IST" name="OpenApp" finished-at="2023-10-11T14:30:38 IST" duration-ms="7743" status="PASS">
          <reporter-output>
          </reporter-output>
        </test-method> <!-- OpenApp -->
        <test-method signature="Search()[pri:0, instance:com.testng.selenium.test.HomeTest@6d60fe40]" started-at="2023-10-11T14:30:38 IST" name="Search" finished-at="2023-10-11T14:30:40 IST" duration-ms="1827" status="PASS">
          <reporter-output>
          </reporter-output>
        </test-method> <!-- Search -->
        <test-method is-config="true" signature="generateTestStatus(java.lang.reflect.Method,org.testng.ITestResult)[pri:0, instance:com.testng.selenium.test.HomeTest@6d60fe40]" started-at="2023-10-11T14:30:40 IST" name="generateTestStatus" finished-at="2023-10-11T14:30:40 IST" duration-ms="19" status="PASS">
          <params>
            <param index="0">
              <value>
                <![CDATA[public void com.testng.selenium.test.HomeTest.Search() throws java.lang.InterruptedException]]>
              </value>
            </param>
            <param index="1">
              <value>
                <![CDATA[[TestResult name=Search status=SUCCESS method=HomeTest.Search()[pri:0, instance:com.testng.selenium.test.HomeTest@6d60fe40] output={null}]]]>
              </value>
            </param>
          </params>
          <reporter-output>
          </reporter-output>
        </test-method> <!-- generateTestStatus -->
        <test-method signature="testTitle()[pri:0, instance:com.testng.selenium.test.HomeTest@6d60fe40]" started-at="2023-10-11T14:30:40 IST" name="testTitle" finished-at="2023-10-11T14:30:40 IST" duration-ms="39" status="PASS">
          <reporter-output>
          </reporter-output>
        </test-method> <!-- testTitle -->
        <test-method is-config="true" signature="generateTestStatus(java.lang.reflect.Method,org.testng.ITestResult)[pri:0, instance:com.testng.selenium.test.HomeTest@6d60fe40]" started-at="2023-10-11T14:30:40 IST" name="generateTestStatus" finished-at="2023-10-11T14:30:40 IST" duration-ms="1" status="PASS">
          <params>
            <param index="0">
              <value>
                <![CDATA[public void com.testng.selenium.test.HomeTest.testTitle()]]>
              </value>
            </param>
            <param index="1">
              <value>
                <![CDATA[[TestResult name=testTitle status=SUCCESS method=HomeTest.testTitle()[pri:0, instance:com.testng.selenium.test.HomeTest@6d60fe40] output={null}]]]>
              </value>
            </param>
          </params>
          <reporter-output>
          </reporter-output>
        </test-method> <!-- generateTestStatus -->
        <test-method is-config="true" signature="CloseApp()[pri:0, instance:com.testng.selenium.test.HomeTest@6d60fe40]" started-at="2023-10-11T14:30:40 IST" name="CloseApp" finished-at="2023-10-11T14:30:40 IST" duration-ms="380" status="PASS">
          <reporter-output>
          </reporter-output>
        </test-method> <!-- CloseApp -->
        <test-method is-config="true" signature="generateReports()[pri:0, instance:com.testng.selenium.test.HomeTest@6d60fe40]" started-at="2023-10-11T14:30:40 IST" name="generateReports" finished-at="2023-10-11T14:30:41 IST" duration-ms="1271" status="PASS">
          <reporter-output>
          </reporter-output>
        </test-method> <!-- generateReports -->
      </class> <!-- com.testng.selenium.test.HomeTest -->
    </test> <!-- Default test -->
  </suite> <!-- Default suite -->
</testng-results>
