<?xml version="1.0" encoding="UTF-8"?>
<!-- Generated by org.testng.reporters.JUnitXMLReporter -->
<testsuite ignored="6" hostname="Karthick" failures="0" tests="3" name="TestCycle1" time="30.519" errors="0" timestamp="2023-10-05T12:06:03 IST">
  <testcase classname="com.TestNg.Selenium.TestAnnotation" name="GetTitle" time="7.431"/>
  <testcase classname="com.TestNg.Selenium.TestBeforeAfterClass" name="login" time="3.385"/>
  <testcase classname="com.TestNg.Selenium.TestBeforeAfterMethod" name="logout" time="5.169"/>
  <testcase classname="com.TestNg.Selenium.TestBeforeAfterMethod" name="login" time="0.0">
    <ignored/>
  </testcase> <!-- login -->
  <testcase classname="com.TestNg.Selenium.TestAnnotation" name="login" time="0.0">
    <ignored/>
  </testcase> <!-- login -->
  <testcase classname="com.TestNg.Selenium.TestBeforeAfterClass" name="logout" time="0.0">
    <ignored/>
  </testcase> <!-- logout -->
  <testcase classname="com.TestNg.Selenium.TestBeforeAfterClass" name="GetTitle" time="0.0">
    <ignored/>
  </testcase> <!-- GetTitle -->
  <testcase classname="com.TestNg.Selenium.TestBeforeAfterMethod" name="GetTitle" time="0.0">
    <ignored/>
  </testcase> <!-- GetTitle -->
  <testcase classname="com.TestNg.Selenium.TestAnnotation" name="logout" time="0.0">
    <ignored/>
  </testcase> <!-- logout -->
</testsuite> <!-- TestCycle1 -->
