<?xml version="1.0" encoding="UTF-8"?>
<testng-results ignored="0" total="2" passed="2" failed="0" skipped="0">
  <reporter-output>
  </reporter-output>
  <suite started-at="2023-11-10T13:04:20 IST" name="Default suite" finished-at="2023-11-10T13:04:27 IST" duration-ms="6765">
    <groups>
    </groups>
    <test started-at="2023-11-10T13:04:20 IST" name="Default test" finished-at="2023-11-10T13:04:27 IST" duration-ms="6765">
      <class name="RESTAssuredAssignment.Assignment002">
        <test-method signature="assignment002Post()[pri:49, instance:RESTAssuredAssignment.Assignment002@5e8f9e2d]" started-at="2023-11-10T13:04:20 IST" name="assignment002Post" finished-at="2023-11-10T13:04:25 IST" duration-ms="4964" status="PASS">
          <reporter-output>
          </reporter-output>
        </test-method> <!-- assignment002Post -->
        <test-method signature="assignment002Put()[pri:50, instance:RESTAssuredAssignment.Assignment002@5e8f9e2d]" started-at="2023-11-10T13:04:25 IST" name="assignment002Put" finished-at="2023-11-10T13:04:27 IST" depends-on-methods="RESTAssuredAssignment.Assignment002.assignment002Post" duration-ms="1739" status="PASS">
          <reporter-output>
          </reporter-output>
        </test-method> <!-- assignment002Put -->
      </class> <!-- RESTAssuredAssignment.Assignment002 -->
    </test> <!-- Default test -->
  </suite> <!-- Default suite -->
</testng-results>
