<?xml version="1.0" encoding="UTF-8"?>
<!-- Generated by org.testng.reporters.JUnitXMLReporter -->
<testsuite ignored="2" hostname="Karthick" failures="0" tests="7" name="Test" time="0.102" errors="0" timestamp="2023-10-05T14:59:24 IST">
  <testcase classname="com.TestNg.Selenium.TestGroupsOne" name="opentheAccountPage" time="0.015"/>
  <testcase classname="com.TestNg.Selenium.TestGroupsOne" name="login" time="0.002"/>
  <testcase classname="com.TestNg.Selenium.TestGroupsOne" name="Accounts" time="0.002"/>
  <testcase classname="com.TestNg.Selenium.TestGroupsOne" name="createAccount" time="0.003"/>
  <testcase classname="com.TestNg.Selenium.TestGroupsOne" name="Logout" time="0.003"/>
  <testcase classname="com.TestNg.Selenium.TestGroupsTwo" name="openapp" time="0.002"/>
  <testcase classname="com.TestNg.Selenium.TestGroupsTwo" name="loginHome" time="0.004"/>
  <testcase classname="com.TestNg.Selenium.TestGroupsTwo" name="loginwithWrongpassword" time="0.0">
    <ignored/>
  </testcase> <!-- loginwithWrongpassword -->
  <testcase classname="com.TestNg.Selenium.TestGroupsTwo" name="loginwithInvaliddata" time="0.0">
    <ignored/>
  </testcase> <!-- loginwithInvaliddata -->
</testsuite> <!-- Test -->
