<?xml version="1.0" encoding="UTF-8"?>
<testng-results ignored="0" total="1" passed="1" failed="0" skipped="0">
  <reporter-output>
  </reporter-output>
  <suite started-at="2023-11-30T12:58:33 IST" name="Default suite" finished-at="2023-11-30T12:58:41 IST" duration-ms="8494">
    <groups>
    </groups>
    <test started-at="2023-11-30T12:58:33 IST" name="Default test" finished-at="2023-11-30T12:58:41 IST" duration-ms="8494">
      <class name="Tests.LoginTest">
        <test-method is-config="true" signature="setUp()[pri:0, instance:Tests.LoginTest@68c9133c]" started-at="2023-11-30T12:58:33 IST" name="setUp" finished-at="2023-11-30T12:58:36 IST" duration-ms="2981" status="PASS">
          <reporter-output>
          </reporter-output>
        </test-method> <!-- setUp -->
        <test-method signature="testLogin()[pri:0, instance:Tests.LoginTest@68c9133c]" started-at="2023-11-30T12:58:36 IST" name="testLogin" finished-at="2023-11-30T12:58:41 IST" duration-ms="5172" status="PASS">
          <reporter-output>
          </reporter-output>
        </test-method> <!-- testLogin -->
        <test-method is-config="true" signature="tearDown()[pri:0, instance:Tests.LoginTest@68c9133c]" started-at="2023-11-30T12:58:41 IST" name="tearDown" finished-at="2023-11-30T12:58:41 IST" duration-ms="292" status="PASS">
          <reporter-output>
          </reporter-output>
        </test-method> <!-- tearDown -->
      </class> <!-- Tests.LoginTest -->
    </test> <!-- Default test -->
  </suite> <!-- Default suite -->
</testng-results>
