<?xml version="1.0" encoding="UTF-8"?>
<!-- Generated by org.testng.reporters.JUnitXMLReporter -->
<testsuite ignored="2" hostname="Karthick" failures="0" tests="1" name="Test facebook" time="4.12" errors="0" timestamp="2023-10-07T10:09:38 IST">
  <testcase classname="com.TestNg.ExtentReport.BaseTest" name="@AfterMethod generateTestStatus" time="-1.696653578695E9">
    <failure type="org.testng.TestNGException" message="
Can inject only one of &amp;lt;ITestContext, XmlTest, Method, Object[], ITestResult&amp;gt; into a @AfterMethod annotated generateTestStatus.
For more information on native dependency injection please refer to https://testng.org/doc/documentation-main.html#native-dependency-injection">
      <![CDATA[org.testng.TestNGException: 
Can inject only one of <ITestContext, XmlTest, Method, Object[], ITestResult> into a @AfterMethod annotated generateTestStatus.
For more information on native dependency injection please refer to https://testng.org/doc/documentation-main.html#native-dependency-injection
at java.base/java.util.ArrayList.forEach(ArrayList.java:1511)
... Removed 29 stack frames]]>
    </failure>
  </testcase> <!-- @AfterMethod generateTestStatus -->
  <testcase classname="com.TestNg.ExtentReport.TestClass" name="Testfacebook" time="2.109"/>
  <testcase classname="com.TestNg.ExtentReport.TestClass" name="TestGoogle" time="0.0">
    <ignored/>
  </testcase> <!-- TestGoogle -->
  <testcase classname="com.TestNg.ExtentReport.TestClass" name="Testrediff" time="0.0">
    <ignored/>
  </testcase> <!-- Testrediff -->
</testsuite> <!-- Test facebook -->
